id -> 67
$ -> 0
read -> 0
( -> 0
id -> 67
) -> 0
id -> 54
$ -> 0
intConst -> -1
if -> 0
id -> 67
> -> 0
intConst -> -1
: -> 0
id -> 85
id -> 49
id -> 23
range -> 0
( -> 0
intConst -> -1
, -> 0
id -> 67
// -> 0
intConst -> -1
) -> 0
: -> 0
if -> 0
( -> 0
id -> 67
% -> 0
id -> 49
) -> 0
== -> 0
intConst -> -1
: -> 0
id -> 54
$ -> 0
intConst -> -1
id -> 68
if -> 0
( -> 0
id -> 54
== -> 0
intConst -> -1
) -> 0
print -> 0
( -> 0
id -> 67
, -> 0
strConst -> -2
) -> 0
else -> 0
: -> 0
print -> 0
( -> 0
id -> 67
, -> 0
strConst -> -2
) -> 0
else -> 0
: -> 0
print -> 0
( -> 0
id -> 67
, -> 0
strConst -> -2
) -> 0
